[14-Apr-2015 17:46:31 UTC] PHP Parse error:  syntax error, unexpected '(', expecting ')' in /home/ubuntu/workspace/crinoline/example/MyApp.class.php on line 11
[14-Apr-2015 20:44:00 UTC] PHP Strict Standards:  Declaration of ContactCollection::load() should be compatible with DBDataMapCollection::load(Database $db, $where = NULL) in /home/ubuntu/workspace/crinoline/example/models/ContactCollection.class.php on line 3
[14-Apr-2015 20:44:00 UTC] PHP Fatal error:  Call to undefined method CRLaces::set() in /home/ubuntu/workspace/crinoline/example/presenters/ContactsPresenter.class.php on line 10
[14-Apr-2015 20:44:21 UTC] PHP Strict Standards:  Declaration of ContactCollection::load() should be compatible with DBDataMapCollection::load(Database $db, $where = NULL) in /home/ubuntu/workspace/crinoline/example/models/ContactCollection.class.php on line 3
[14-Apr-2015 20:49:45 UTC] PHP Strict Standards:  Declaration of ContactCollection::load() should be compatible with DBDataMapCollection::load(Database $db, $where = NULL) in /home/ubuntu/workspace/crinoline/example/models/ContactCollection.class.php on line 3
[14-Apr-2015 20:50:08 UTC] PHP Strict Standards:  Declaration of ContactCollection::load() should be compatible with DBDataMapCollection::load(Database $db, $where = NULL) in /home/ubuntu/workspace/crinoline/example/models/ContactCollection.class.php on line 3
[14-Apr-2015 20:50:09 UTC] PHP Strict Standards:  Declaration of ContactCollection::load() should be compatible with DBDataMapCollection::load(Database $db, $where = NULL) in /home/ubuntu/workspace/crinoline/example/models/ContactCollection.class.php on line 3
[14-Apr-2015 20:50:10 UTC] PHP Strict Standards:  Declaration of ContactCollection::load() should be compatible with DBDataMapCollection::load(Database $db, $where = NULL) in /home/ubuntu/workspace/crinoline/example/models/ContactCollection.class.php on line 3
[14-Apr-2015 20:50:10 UTC] PHP Strict Standards:  Declaration of ContactCollection::load() should be compatible with DBDataMapCollection::load(Database $db, $where = NULL) in /home/ubuntu/workspace/crinoline/example/models/ContactCollection.class.php on line 3
[14-Apr-2015 20:51:58 UTC] PHP Strict Standards:  Declaration of ContactCollection::load() should be compatible with DBDataMapCollection::load(Database $db, $where = NULL) in /home/ubuntu/workspace/crinoline/example/models/ContactCollection.class.php on line 3
[14-Apr-2015 20:52:10 UTC] PHP Strict Standards:  Declaration of ContactCollection::load() should be compatible with DBDataMapCollection::load(Database $db, $where = NULL) in /home/ubuntu/workspace/crinoline/example/models/ContactCollection.class.php on line 3
[14-Apr-2015 20:57:26 UTC] PHP Strict Standards:  Declaration of ContactCollection::load() should be compatible with DBDataMapCollection::load(Database $db, $where = NULL) in /home/ubuntu/workspace/crinoline/example/models/ContactCollection.class.php on line 3
[14-Apr-2015 20:57:50 UTC] PHP Strict Standards:  Declaration of ContactCollection::load() should be compatible with DBDataMapCollection::load(Database $db, $where = NULL) in /home/ubuntu/workspace/crinoline/example/models/ContactCollection.class.php on line 3
[14-Apr-2015 20:57:50 UTC] PHP Notice:  Undefined variable: oldAs in /home/ubuntu/workspace/crinoline/crinoline/plugins/CRLaces/laces/LaceForeach.class.php on line 53
[14-Apr-2015 20:58:06 UTC] PHP Strict Standards:  Declaration of ContactCollection::load() should be compatible with DBDataMapCollection::load(Database $db, $where = NULL) in /home/ubuntu/workspace/crinoline/example/models/ContactCollection.class.php on line 3
[14-Apr-2015 20:58:06 UTC] PHP Notice:  Undefined variable: oldAs in /home/ubuntu/workspace/crinoline/crinoline/plugins/CRLaces/laces/LaceForeach.class.php on line 53
[14-Apr-2015 20:59:38 UTC] PHP Strict Standards:  Declaration of ContactCollection::load() should be compatible with DBDataMapCollection::load(Database $db, $where = NULL) in /home/ubuntu/workspace/crinoline/example/models/ContactCollection.class.php on line 3
[14-Apr-2015 20:59:47 UTC] PHP Strict Standards:  Declaration of ContactCollection::load() should be compatible with DBDataMapCollection::load(Database $db, $where = NULL) in /home/ubuntu/workspace/crinoline/example/models/ContactCollection.class.php on line 3
[14-Apr-2015 21:02:31 UTC] PHP Strict Standards:  Declaration of ContactCollection::load() should be compatible with DBDataMapCollection::load(Database $db, $where = NULL) in /home/ubuntu/workspace/crinoline/example/models/ContactCollection.class.php on line 3
[14-Apr-2015 21:04:48 UTC] PHP Strict Standards:  Declaration of ContactCollection::load() should be compatible with DBDataMapCollection::load(Database $db, $where = NULL) in /home/ubuntu/workspace/crinoline/example/models/ContactCollection.class.php on line 3
[14-Apr-2015 21:05:09 UTC] PHP Strict Standards:  Declaration of ContactCollection::load() should be compatible with DBDataMapCollection::load(Database $db, $where = NULL) in /home/ubuntu/workspace/crinoline/example/models/ContactCollection.class.php on line 3
[14-Apr-2015 21:05:14 UTC] PHP Strict Standards:  Declaration of ContactCollection::load() should be compatible with DBDataMapCollection::load(Database $db, $where = NULL) in /home/ubuntu/workspace/crinoline/example/models/ContactCollection.class.php on line 3
[14-Apr-2015 21:05:55 UTC] PHP Strict Standards:  Declaration of ContactCollection::load() should be compatible with DBDataMapCollection::load(Database $db, $where = NULL) in /home/ubuntu/workspace/crinoline/example/models/ContactCollection.class.php on line 3
[14-Apr-2015 21:06:01 UTC] PHP Strict Standards:  Declaration of ContactCollection::load() should be compatible with DBDataMapCollection::load(Database $db, $where = NULL) in /home/ubuntu/workspace/crinoline/example/models/ContactCollection.class.php on line 3
[14-Apr-2015 21:06:09 UTC] PHP Strict Standards:  Declaration of ContactCollection::load() should be compatible with DBDataMapCollection::load(Database $db, $where = NULL) in /home/ubuntu/workspace/crinoline/example/models/ContactCollection.class.php on line 3
[14-Apr-2015 21:06:22 UTC] PHP Strict Standards:  Declaration of ContactCollection::load() should be compatible with DBDataMapCollection::load(Database $db, $where = NULL) in /home/ubuntu/workspace/crinoline/example/models/ContactCollection.class.php on line 3
[14-Apr-2015 21:12:41 UTC] PHP Strict Standards:  Declaration of ContactCollection::load() should be compatible with DBDataMapCollection::load(Database $db, $where = NULL) in /home/ubuntu/workspace/crinoline/example/models/ContactCollection.class.php on line 3
[14-Apr-2015 21:13:38 UTC] PHP Strict Standards:  Declaration of ContactCollection::load() should be compatible with DBDataMapCollection::load(Database $db, $where = NULL) in /home/ubuntu/workspace/crinoline/example/models/ContactCollection.class.php on line 3
[14-Apr-2015 21:13:38 UTC] PHP Strict Standards:  Declaration of ContactMap::save() should be compatible with DBDataMap::save(Database $db) in /home/ubuntu/workspace/crinoline/example/models/ContactMap.class.php on line 3
[14-Apr-2015 21:13:38 UTC] PHP Strict Standards:  Declaration of ContactMap::load() should be compatible with DBDataMap::load(Database $db, $id) in /home/ubuntu/workspace/crinoline/example/models/ContactMap.class.php on line 3
[14-Apr-2015 21:13:38 UTC] PHP Strict Standards:  Declaration of ContactMap::destroy() should be compatible with DBDataMap::destroy(Database $db) in /home/ubuntu/workspace/crinoline/example/models/ContactMap.class.php on line 3
[14-Apr-2015 21:14:05 UTC] PHP Strict Standards:  Declaration of ContactCollection::load() should be compatible with DBDataMapCollection::load(Database $db, $where = NULL) in /home/ubuntu/workspace/crinoline/example/models/ContactCollection.class.php on line 3
[14-Apr-2015 21:14:05 UTC] PHP Strict Standards:  Declaration of ContactMap::save() should be compatible with DBDataMap::save(Database $db) in /home/ubuntu/workspace/crinoline/example/models/ContactMap.class.php on line 3
[14-Apr-2015 21:14:05 UTC] PHP Strict Standards:  Declaration of ContactMap::load() should be compatible with DBDataMap::load(Database $db, $id) in /home/ubuntu/workspace/crinoline/example/models/ContactMap.class.php on line 3
[14-Apr-2015 21:14:05 UTC] PHP Strict Standards:  Declaration of ContactMap::destroy() should be compatible with DBDataMap::destroy(Database $db) in /home/ubuntu/workspace/crinoline/example/models/ContactMap.class.php on line 3
[14-Apr-2015 21:14:07 UTC] PHP Strict Standards:  Declaration of ContactCollection::load() should be compatible with DBDataMapCollection::load(Database $db, $where = NULL) in /home/ubuntu/workspace/crinoline/example/models/ContactCollection.class.php on line 3
[14-Apr-2015 21:14:07 UTC] PHP Strict Standards:  Declaration of ContactMap::save() should be compatible with DBDataMap::save(Database $db) in /home/ubuntu/workspace/crinoline/example/models/ContactMap.class.php on line 3
[14-Apr-2015 21:14:07 UTC] PHP Strict Standards:  Declaration of ContactMap::load() should be compatible with DBDataMap::load(Database $db, $id) in /home/ubuntu/workspace/crinoline/example/models/ContactMap.class.php on line 3
[14-Apr-2015 21:14:07 UTC] PHP Strict Standards:  Declaration of ContactMap::destroy() should be compatible with DBDataMap::destroy(Database $db) in /home/ubuntu/workspace/crinoline/example/models/ContactMap.class.php on line 3
[14-Apr-2015 21:14:14 UTC] PHP Strict Standards:  Declaration of ContactCollection::load() should be compatible with DBDataMapCollection::load(Database $db, $where = NULL) in /home/ubuntu/workspace/crinoline/example/models/ContactCollection.class.php on line 3
[14-Apr-2015 21:14:14 UTC] PHP Strict Standards:  Declaration of ContactMap::save() should be compatible with DBDataMap::save(Database $db) in /home/ubuntu/workspace/crinoline/example/models/ContactMap.class.php on line 3
[14-Apr-2015 21:14:14 UTC] PHP Strict Standards:  Declaration of ContactMap::load() should be compatible with DBDataMap::load(Database $db, $id) in /home/ubuntu/workspace/crinoline/example/models/ContactMap.class.php on line 3
[14-Apr-2015 21:14:14 UTC] PHP Strict Standards:  Declaration of ContactMap::destroy() should be compatible with DBDataMap::destroy(Database $db) in /home/ubuntu/workspace/crinoline/example/models/ContactMap.class.php on line 3
[14-Apr-2015 21:14:15 UTC] PHP Strict Standards:  Declaration of ContactCollection::load() should be compatible with DBDataMapCollection::load(Database $db, $where = NULL) in /home/ubuntu/workspace/crinoline/example/models/ContactCollection.class.php on line 3
[14-Apr-2015 21:14:15 UTC] PHP Strict Standards:  Declaration of ContactMap::save() should be compatible with DBDataMap::save(Database $db) in /home/ubuntu/workspace/crinoline/example/models/ContactMap.class.php on line 3
[14-Apr-2015 21:14:15 UTC] PHP Strict Standards:  Declaration of ContactMap::load() should be compatible with DBDataMap::load(Database $db, $id) in /home/ubuntu/workspace/crinoline/example/models/ContactMap.class.php on line 3
[14-Apr-2015 21:14:15 UTC] PHP Strict Standards:  Declaration of ContactMap::destroy() should be compatible with DBDataMap::destroy(Database $db) in /home/ubuntu/workspace/crinoline/example/models/ContactMap.class.php on line 3
[14-Apr-2015 21:15:25 UTC] PHP Strict Standards:  Declaration of ContactCollection::load() should be compatible with DBDataMapCollection::load(Database $db, $where = NULL) in /home/ubuntu/workspace/crinoline/example/models/ContactCollection.class.php on line 3
[14-Apr-2015 21:15:25 UTC] PHP Strict Standards:  Declaration of ContactMap::save() should be compatible with DBDataMap::save(Database $db) in /home/ubuntu/workspace/crinoline/example/models/ContactMap.class.php on line 3
[14-Apr-2015 21:15:25 UTC] PHP Strict Standards:  Declaration of ContactMap::load() should be compatible with DBDataMap::load(Database $db, $id) in /home/ubuntu/workspace/crinoline/example/models/ContactMap.class.php on line 3
[14-Apr-2015 21:15:25 UTC] PHP Strict Standards:  Declaration of ContactMap::destroy() should be compatible with DBDataMap::destroy(Database $db) in /home/ubuntu/workspace/crinoline/example/models/ContactMap.class.php on line 3
[14-Apr-2015 21:15:25 UTC] PHP Fatal error:  Cannot use object of type ContactMap as array in /home/ubuntu/workspace/crinoline/crinoline/plugins/CRLaces/laces/Context.class.php on line 103
[14-Apr-2015 21:49:06 UTC] PHP Strict Standards:  Declaration of ContactCollection::load() should be compatible with DBDataMapCollection::load(Database $db, $where = NULL) in /home/ubuntu/workspace/crinoline/example/models/ContactCollection.class.php on line 3
[14-Apr-2015 21:49:06 UTC] PHP Strict Standards:  Declaration of ContactMap::save() should be compatible with DBDataMap::save(Database $db) in /home/ubuntu/workspace/crinoline/example/models/ContactMap.class.php on line 3
[14-Apr-2015 21:49:06 UTC] PHP Strict Standards:  Declaration of ContactMap::load() should be compatible with DBDataMap::load(Database $db, $id) in /home/ubuntu/workspace/crinoline/example/models/ContactMap.class.php on line 3
[14-Apr-2015 21:49:06 UTC] PHP Strict Standards:  Declaration of ContactMap::destroy() should be compatible with DBDataMap::destroy(Database $db) in /home/ubuntu/workspace/crinoline/example/models/ContactMap.class.php on line 3
[14-Apr-2015 21:49:51 UTC] PHP Strict Standards:  Declaration of ContactCollection::load() should be compatible with DBDataMapCollection::load(Database $db, $where = NULL) in /home/ubuntu/workspace/crinoline/example/models/ContactCollection.class.php on line 3
[14-Apr-2015 21:49:51 UTC] PHP Strict Standards:  Declaration of ContactMap::save() should be compatible with DBDataMap::save(Database $db) in /home/ubuntu/workspace/crinoline/example/models/ContactMap.class.php on line 3
[14-Apr-2015 21:49:51 UTC] PHP Strict Standards:  Declaration of ContactMap::load() should be compatible with DBDataMap::load(Database $db, $id) in /home/ubuntu/workspace/crinoline/example/models/ContactMap.class.php on line 3
[14-Apr-2015 21:49:51 UTC] PHP Strict Standards:  Declaration of ContactMap::destroy() should be compatible with DBDataMap::destroy(Database $db) in /home/ubuntu/workspace/crinoline/example/models/ContactMap.class.php on line 3
[14-Apr-2015 21:50:51 UTC] PHP Strict Standards:  Declaration of ContactCollection::load() should be compatible with DBDataMapCollection::load(Database $db, $where = NULL) in /home/ubuntu/workspace/crinoline/example/models/ContactCollection.class.php on line 3
[14-Apr-2015 21:50:51 UTC] PHP Strict Standards:  Declaration of ContactMap::save() should be compatible with DBDataMap::save(Database $db) in /home/ubuntu/workspace/crinoline/example/models/ContactMap.class.php on line 3
[14-Apr-2015 21:50:51 UTC] PHP Strict Standards:  Declaration of ContactMap::load() should be compatible with DBDataMap::load(Database $db, $id) in /home/ubuntu/workspace/crinoline/example/models/ContactMap.class.php on line 3
[14-Apr-2015 21:50:51 UTC] PHP Strict Standards:  Declaration of ContactMap::destroy() should be compatible with DBDataMap::destroy(Database $db) in /home/ubuntu/workspace/crinoline/example/models/ContactMap.class.php on line 3
[14-Apr-2015 21:51:47 UTC] PHP Strict Standards:  Declaration of ContactCollection::load() should be compatible with DBDataMapCollection::load(Database $db, $where = NULL) in /home/ubuntu/workspace/crinoline/example/models/ContactCollection.class.php on line 3
[14-Apr-2015 21:51:47 UTC] PHP Strict Standards:  Declaration of ContactMap::save() should be compatible with DBDataMap::save(Database $db) in /home/ubuntu/workspace/crinoline/example/models/ContactMap.class.php on line 3
[14-Apr-2015 21:51:47 UTC] PHP Strict Standards:  Declaration of ContactMap::load() should be compatible with DBDataMap::load(Database $db, $id) in /home/ubuntu/workspace/crinoline/example/models/ContactMap.class.php on line 3
[14-Apr-2015 21:51:47 UTC] PHP Strict Standards:  Declaration of ContactMap::destroy() should be compatible with DBDataMap::destroy(Database $db) in /home/ubuntu/workspace/crinoline/example/models/ContactMap.class.php on line 3
[14-Apr-2015 21:51:58 UTC] PHP Strict Standards:  Declaration of ContactCollection::load() should be compatible with DBDataMapCollection::load(Database $db, $where = NULL) in /home/ubuntu/workspace/crinoline/example/models/ContactCollection.class.php on line 3
[14-Apr-2015 21:51:58 UTC] PHP Strict Standards:  Declaration of ContactMap::save() should be compatible with DBDataMap::save(Database $db) in /home/ubuntu/workspace/crinoline/example/models/ContactMap.class.php on line 3
[14-Apr-2015 21:51:58 UTC] PHP Strict Standards:  Declaration of ContactMap::load() should be compatible with DBDataMap::load(Database $db, $id) in /home/ubuntu/workspace/crinoline/example/models/ContactMap.class.php on line 3
[14-Apr-2015 21:51:58 UTC] PHP Strict Standards:  Declaration of ContactMap::destroy() should be compatible with DBDataMap::destroy(Database $db) in /home/ubuntu/workspace/crinoline/example/models/ContactMap.class.php on line 3
[14-Apr-2015 21:53:00 UTC] PHP Strict Standards:  Declaration of ContactCollection::load() should be compatible with DBDataMapCollection::load(Database $db, $where = NULL) in /home/ubuntu/workspace/crinoline/example/models/ContactCollection.class.php on line 3
[14-Apr-2015 21:53:00 UTC] PHP Strict Standards:  Declaration of ContactMap::save() should be compatible with DBDataMap::save(Database $db) in /home/ubuntu/workspace/crinoline/example/models/ContactMap.class.php on line 3
[14-Apr-2015 21:53:00 UTC] PHP Strict Standards:  Declaration of ContactMap::load() should be compatible with DBDataMap::load(Database $db, $id) in /home/ubuntu/workspace/crinoline/example/models/ContactMap.class.php on line 3
[14-Apr-2015 21:53:00 UTC] PHP Strict Standards:  Declaration of ContactMap::destroy() should be compatible with DBDataMap::destroy(Database $db) in /home/ubuntu/workspace/crinoline/example/models/ContactMap.class.php on line 3
[14-Apr-2015 21:53:52 UTC] PHP Strict Standards:  Declaration of ContactCollection::load() should be compatible with DBDataMapCollection::load(Database $db, $where = NULL) in /home/ubuntu/workspace/crinoline/example/models/ContactCollection.class.php on line 3
[14-Apr-2015 21:53:52 UTC] PHP Strict Standards:  Declaration of ContactMap::save() should be compatible with DBDataMap::save(Database $db) in /home/ubuntu/workspace/crinoline/example/models/ContactMap.class.php on line 3
[14-Apr-2015 21:53:52 UTC] PHP Strict Standards:  Declaration of ContactMap::load() should be compatible with DBDataMap::load(Database $db, $id) in /home/ubuntu/workspace/crinoline/example/models/ContactMap.class.php on line 3
[14-Apr-2015 21:53:52 UTC] PHP Strict Standards:  Declaration of ContactMap::destroy() should be compatible with DBDataMap::destroy(Database $db) in /home/ubuntu/workspace/crinoline/example/models/ContactMap.class.php on line 3
[14-Apr-2015 21:54:53 UTC] PHP Strict Standards:  Declaration of ContactCollection::load() should be compatible with DBDataMapCollection::load(Database $db, $where = NULL) in /home/ubuntu/workspace/crinoline/example/models/ContactCollection.class.php on line 3
[14-Apr-2015 21:54:53 UTC] PHP Strict Standards:  Declaration of ContactMap::save() should be compatible with DBDataMap::save(Database $db) in /home/ubuntu/workspace/crinoline/example/models/ContactMap.class.php on line 3
[14-Apr-2015 21:54:53 UTC] PHP Strict Standards:  Declaration of ContactMap::load() should be compatible with DBDataMap::load(Database $db, $id) in /home/ubuntu/workspace/crinoline/example/models/ContactMap.class.php on line 3
[14-Apr-2015 21:54:53 UTC] PHP Strict Standards:  Declaration of ContactMap::destroy() should be compatible with DBDataMap::destroy(Database $db) in /home/ubuntu/workspace/crinoline/example/models/ContactMap.class.php on line 3
[16-Apr-2015 04:46:32 UTC] PHP Warning:  Missing argument 2 for DataMap::{closure}() in /home/ubuntu/workspace/crinoline/crinoline/DataMap.class.php on line 84
[16-Apr-2015 04:46:32 UTC] PHP Notice:  Undefined variable: key in /home/ubuntu/workspace/crinoline/crinoline/DataMap.class.php on line 85
[16-Apr-2015 04:46:32 UTC] PHP Notice:  Undefined variable: data in /home/ubuntu/workspace/crinoline/crinoline/DataMap.class.php on line 85
[16-Apr-2015 04:46:32 UTC] PHP Warning:  array_key_exists() expects parameter 2 to be array, null given in /home/ubuntu/workspace/crinoline/crinoline/DataMap.class.php on line 85
[16-Apr-2015 13:39:22 UTC] PHP Warning:  Missing argument 2 for DataMap::{closure}() in /home/ubuntu/workspace/crinoline/crinoline/DataMap.class.php on line 84
[16-Apr-2015 13:39:22 UTC] PHP Notice:  Undefined variable: key in /home/ubuntu/workspace/crinoline/crinoline/DataMap.class.php on line 85
[16-Apr-2015 13:39:22 UTC] PHP Notice:  Undefined variable: data in /home/ubuntu/workspace/crinoline/crinoline/DataMap.class.php on line 85
[16-Apr-2015 13:39:22 UTC] PHP Warning:  array_key_exists() expects parameter 2 to be array, null given in /home/ubuntu/workspace/crinoline/crinoline/DataMap.class.php on line 85
[17-Apr-2015 03:29:04 UTC] PHP Notice:  Only variable references should be returned by reference in /home/ubuntu/workspace/crinoline/crinoline/PluginManager.class.php on line 69
[17-Apr-2015 03:29:04 UTC] PHP Notice:  Only variable references should be returned by reference in /home/ubuntu/workspace/crinoline/crinoline/PluginManager.class.php on line 69
[17-Apr-2015 03:29:04 UTC] PHP Notice:  Only variable references should be returned by reference in /home/ubuntu/workspace/crinoline/crinoline/PluginManager.class.php on line 69
[17-Apr-2015 03:29:04 UTC] PHP Notice:  Only variable references should be returned by reference in /home/ubuntu/workspace/crinoline/crinoline/PluginManager.class.php on line 69
[17-Apr-2015 03:29:04 UTC] PHP Notice:  Only variable references should be returned by reference in /home/ubuntu/workspace/crinoline/crinoline/PluginManager.class.php on line 69
[17-Apr-2015 03:29:04 UTC] PHP Notice:  Only variable references should be returned by reference in /home/ubuntu/workspace/crinoline/crinoline/PluginManager.class.php on line 69
[17-Apr-2015 03:29:04 UTC] PHP Notice:  Only variable references should be returned by reference in /home/ubuntu/workspace/crinoline/crinoline/PluginManager.class.php on line 69
[17-Apr-2015 03:29:04 UTC] PHP Notice:  Only variable references should be returned by reference in /home/ubuntu/workspace/crinoline/crinoline/PluginManager.class.php on line 69
[17-Apr-2015 03:29:04 UTC] PHP Notice:  Only variable references should be returned by reference in /home/ubuntu/workspace/crinoline/crinoline/PluginManager.class.php on line 69
